<?xml version="1.0" encoding="UTF-8"?>
<testsuite xmlns:xsi="http://www.w3.org/2001/XMLSchema-instance" xsi:schemaLocation="https://maven.apache.org/surefire/maven-surefire-plugin/xsd/surefire-test-report.xsd" name="WebviewTest" time="22.392" tests="2" errors="2" skipped="0" failures="0">
  <properties>
[...]
</properties>
  <testcase name="AndroidWebView" classname="WebviewTest" time="22.392">
    <error message="An unknown server-side error occurred while processing the command. Original error: Could not find a connected Android device. (WARNING: The server did not provide any stacktrace information)&#10;Command duration or timeout: 21.69 seconds&#10;Build info: version: &apos;3.6.0&apos;, revision: &apos;6fbf3ec767&apos;, time: &apos;2017-09-27T15:28:36.4Z&apos;&#10;System info: host: &apos;Maxwells-MBP&apos;, ip: &apos;2a02:c7f:a0a:f600:31de:d226:f546:78c4&apos;, os.name: &apos;Mac OS X&apos;, os.arch: &apos;x86_64&apos;, os.version: &apos;10.12.6&apos;, java.version: &apos;1.8.0_151&apos;&#10;Driver info: driver.version: EnhancedAndroidDriver" type="org.openqa.selenium.WebDriverException">org.openqa.selenium.WebDriverException: 
An unknown server-side error occurred while processing the command. Original error: Could not find a connected Android device. (WARNING: The server did not provide any stacktrace information)
Command duration or timeout: 21.69 seconds
Build info: version: '3.6.0', revision: '6fbf3ec767', time: '2017-09-27T15:28:36.4Z'
System info: host: 'Maxwells-MBP', ip: '2a02:c7f:a0a:f600:31de:d226:f546:78c4', os.name: 'Mac OS X', os.arch: 'x86_64', os.version: '10.12.6', java.version: '1.8.0_151'
Driver info: driver.version: EnhancedAndroidDriver
	at WebviewTest.AndroidWebView(WebviewTest.java:42)
</error>
    <system-out><![CDATA[started: AndroidWebView (WebviewTest)
Welcome to testing
Welcome to testing 2
failed
finished
]]></system-out>
  </testcase>
  <testcase name="AndroidWebView" classname="WebviewTest" time="22.392">
    <error type="java.lang.NullPointerException">java.lang.NullPointerException
	at WebviewTest.TearDown(WebviewTest.java:54)
</error>
  </testcase>
</testsuite>